<?xml version="1.0" encoding="UTF-8" ?>
<testsuites>
<testsuite name="Add Property" errors="0" tests="2" failures="0" time="0.012" timestamp="2014-08-22T18:08:27">
  <testcase classname="Add Property" name="should be successful with valid dummy data" time="0.01"></testcase>
  <testcase classname="Add Property" name="should return false with invalid dummy data" time="0"></testcase>
</testsuite>
</testsuites>